extraCredit: 0
fatalError: false
maxExtraCredit: 0
maxTotalPoints: 12
messages: []
mode: auto
parts:
- description: Basic test for succAndProbReward() that covers several edge cases.
  extraCredit: false
  maxPoints: 3
  maxSeconds: 5
  messages: []
  name: 1a-1-basic
  points: 3
  seconds: 0
- description: Hidden test for ValueIteration. Run ValueIteration on BlackjackMDP,
    then test if V[startState] is correct.
  extraCredit: false
  maxPoints: 2
  maxSeconds: 5
  messages:
  - 'Exception thrown: <class ''TypeError''> -- cannot unpack non-iterable float object'
  - "  File \"grader.py\", line 76, in test_1a_2\n    pred = solve(submission.BlackjackMDP)\n"
  - "  File \"grader.py\", line 73, in solve\n    alg.solve(mdp, .0001)\n"
  - "  File \"C:\\Users\\gkwogus\\OneDrive - postech.ac.kr\\\uD3EC\uC2A4\uD14D\\\uD3EC\
    \uC2A4\uD14D\\3\uD559\uB144 2\uD559\uAE30\\\uC778\uACF5\uC9C0\uB2A5\\\uACFC\uC81C\
    \\2\\release\\util.py\", line 41, in solve\n    for state in mdp.states:\n"
  - "  File \"C:\\Users\\gkwogus\\OneDrive - postech.ac.kr\\\uD3EC\uC2A4\uD14D\\\uD3EC\
    \uC2A4\uD14D\\3\uD559\uB144 2\uD559\uAE30\\\uC778\uACF5\uC9C0\uB2A5\\\uACFC\uC81C\
    \\2\\release\\util.py\", line 85, in states\n    self._states = self.computeStates()\n"
  - "  File \"C:\\Users\\gkwogus\\OneDrive - postech.ac.kr\\\uD3EC\uC2A4\uD14D\\\uD3EC\
    \uC2A4\uD14D\\3\uD559\uB144 2\uD559\uAE30\\\uC778\uACF5\uC9C0\uB2A5\\\uACFC\uC81C\
    \\2\\release\\util.py\", line 99, in computeStates\n    for newState, prob, reward\
    \ in self.succAndProbReward(state, action):\n"
  name: 1a-2-hidden
  points: 0
  seconds: 0
- description: Hidden test for ValueIterationDP. Run ValueIterationDP on BlackjackMDP,
    then test if V[startState] is correct and ValueIterationDP is faster than ValueIteration.
  extraCredit: false
  maxPoints: 3
  maxSeconds: 5
  messages:
  - 'Exception thrown: <class ''TypeError''> -- cannot unpack non-iterable float object'
  - "  File \"grader.py\", line 102, in test_1b\n    util_vi = solve(util.ValueIteration,\
    \ .00001)\n"
  - "  File \"grader.py\", line 94, in solve\n    alg.solve(mdp, *args)\n"
  - "  File \"C:\\Users\\gkwogus\\OneDrive - postech.ac.kr\\\uD3EC\uC2A4\uD14D\\\uD3EC\
    \uC2A4\uD14D\\3\uD559\uB144 2\uD559\uAE30\\\uC778\uACF5\uC9C0\uB2A5\\\uACFC\uC81C\
    \\2\\release\\util.py\", line 41, in solve\n    for state in mdp.states:\n"
  - "  File \"C:\\Users\\gkwogus\\OneDrive - postech.ac.kr\\\uD3EC\uC2A4\uD14D\\\uD3EC\
    \uC2A4\uD14D\\3\uD559\uB144 2\uD559\uAE30\\\uC778\uACF5\uC9C0\uB2A5\\\uACFC\uC81C\
    \\2\\release\\util.py\", line 85, in states\n    self._states = self.computeStates()\n"
  - "  File \"C:\\Users\\gkwogus\\OneDrive - postech.ac.kr\\\uD3EC\uC2A4\uD14D\\\uD3EC\
    \uC2A4\uD14D\\3\uD559\uB144 2\uD559\uAE30\\\uC778\uACF5\uC9C0\uB2A5\\\uACFC\uC81C\
    \\2\\release\\util.py\", line 99, in computeStates\n    for newState, prob, reward\
    \ in self.succAndProbReward(state, action):\n"
  name: 1b-1-hidden
  points: 0
  seconds: 0
- description: Hidden test for ValueIterationDP. Run ValueIterationDP on BlackjackMDP,
    then test if V[startState] is correct and ValueIterationDP is faster than ValueIteration.
  extraCredit: false
  maxPoints: 2
  maxSeconds: 5
  messages:
  - 'Exception thrown: <class ''TypeError''> -- cannot unpack non-iterable float object'
  - "  File \"grader.py\", line 102, in test_1b\n    util_vi = solve(util.ValueIteration,\
    \ .00001)\n"
  - "  File \"grader.py\", line 94, in solve\n    alg.solve(mdp, *args)\n"
  - "  File \"C:\\Users\\gkwogus\\OneDrive - postech.ac.kr\\\uD3EC\uC2A4\uD14D\\\uD3EC\
    \uC2A4\uD14D\\3\uD559\uB144 2\uD559\uAE30\\\uC778\uACF5\uC9C0\uB2A5\\\uACFC\uC81C\
    \\2\\release\\util.py\", line 41, in solve\n    for state in mdp.states:\n"
  - "  File \"C:\\Users\\gkwogus\\OneDrive - postech.ac.kr\\\uD3EC\uC2A4\uD14D\\\uD3EC\
    \uC2A4\uD14D\\3\uD559\uB144 2\uD559\uAE30\\\uC778\uACF5\uC9C0\uB2A5\\\uACFC\uC81C\
    \\2\\release\\util.py\", line 85, in states\n    self._states = self.computeStates()\n"
  - "  File \"C:\\Users\\gkwogus\\OneDrive - postech.ac.kr\\\uD3EC\uC2A4\uD14D\\\uD3EC\
    \uC2A4\uD14D\\3\uD559\uB144 2\uD559\uAE30\\\uC778\uACF5\uC9C0\uB2A5\\\uACFC\uC81C\
    \\2\\release\\util.py\", line 99, in computeStates\n    for newState, prob, reward\
    \ in self.succAndProbReward(state, action):\n"
  name: 1b-2-hidden
  points: 0
  seconds: 0
- description: Basic test for incorporateFeedback() using NumberLineMDP.
  extraCredit: false
  maxPoints: 3
  maxSeconds: 3
  messages:
  - 'Exception thrown: <class ''NotImplementedError''> -- '
  - "  File \"grader.py\", line 129, in test_2a_1\n    rl.incorporateFeedback([0,\
    \ 1, 0, 1], mdp.isEnd)\n"
  - "  File \"C:\\Users\\gkwogus\\OneDrive - postech.ac.kr\\\uD3EC\uC2A4\uD14D\\\uD3EC\
    \uC2A4\uD14D\\3\uD559\uB144 2\uD559\uAE30\\\uC778\uACF5\uC9C0\uB2A5\\\uACFC\uC81C\
    \\2\\release\\submission.py\", line 189, in incorporateFeedback\n    raise NotImplementedError\
    \  # remove this line before writing code\n"
  name: 2a-1-basic
  points: 0
  seconds: 0
- description: Hidden test for incorporateFeedback(). Run Qlearning on a small MDP,
    then ensure that getQ returns reasonable policy.
  extraCredit: false
  maxPoints: 2
  maxSeconds: 3
  messages:
  - 'Exception thrown: <class ''TypeError''> -- cannot unpack non-iterable float object'
  - "  File \"grader.py\", line 163, in test_2a_2\n    pred = get_policy(submission.Qlearning)\n"
  - "  File \"grader.py\", line 158, in get_policy\n    util.simulate(mdp, rl, numTrials=30000)\n"
  - "  File \"C:\\Users\\gkwogus\\OneDrive - postech.ac.kr\\\uD3EC\uC2A4\uD14D\\\uD3EC\
    \uC2A4\uD14D\\3\uD559\uB144 2\uD559\uAE30\\\uC778\uACF5\uC9C0\uB2A5\\\uACFC\uC81C\
    \\2\\release\\util.py\", line 186, in simulate\n    i = sample([prob for newState,\
    \ prob, reward in transitions])\n"
  - "  File \"C:\\Users\\gkwogus\\OneDrive - postech.ac.kr\\\uD3EC\uC2A4\uD14D\\\uD3EC\
    \uC2A4\uD14D\\3\uD559\uB144 2\uD559\uAE30\\\uC778\uACF5\uC9C0\uB2A5\\\uACFC\uC81C\
    \\2\\release\\util.py\", line 186, in <listcomp>\n    i = sample([prob for newState,\
    \ prob, reward in transitions])\n"
  name: 2a-2-hidden
  points: 0
  seconds: 0
- description: Basic test for incorporateFeedback() using NumberLineMDP.
  extraCredit: false
  maxPoints: 3
  maxSeconds: 3
  messages:
  - 'Exception thrown: <class ''NotImplementedError''> -- '
  - "  File \"grader.py\", line 183, in test_2b_1\n    rl.incorporateFeedback([0,\
    \ 1, 0, 1, 1, None, None], mdp.isEnd)\n"
  - "  File \"C:\\Users\\gkwogus\\OneDrive - postech.ac.kr\\\uD3EC\uC2A4\uD14D\\\uD3EC\
    \uC2A4\uD14D\\3\uD559\uB144 2\uD559\uAE30\\\uC778\uACF5\uC9C0\uB2A5\\\uACFC\uC81C\
    \\2\\release\\submission.py\", line 212, in incorporateFeedback\n    raise NotImplementedError\
    \  # remove this line before writing code\n"
  name: 2b-1-basic
  points: 0
  seconds: 0
- description: Hidden test for incorporateFeedback(). Run SARSA on a small MDP, then
    ensure that getQ returns reasonable policy.
  extraCredit: false
  maxPoints: 2
  maxSeconds: 3
  messages:
  - 'Exception thrown: <class ''NotImplementedError''> -- '
  - "  File \"grader.py\", line 217, in test_2b_2\n    pred = get_policy(submission.SARSA)\n"
  - "  File \"grader.py\", line 212, in get_policy\n    util.simulate(mdp, rl, numTrials=30000)\n"
  - "  File \"C:\\Users\\gkwogus\\OneDrive - postech.ac.kr\\\uD3EC\uC2A4\uD14D\\\uD3EC\
    \uC2A4\uD14D\\3\uD559\uB144 2\uD559\uAE30\\\uC778\uACF5\uC9C0\uB2A5\\\uACFC\uC81C\
    \\2\\release\\util.py\", line 189, in simulate\n    rl.incorporateFeedback(episode,\
    \ isLast)\n"
  - "  File \"C:\\Users\\gkwogus\\OneDrive - postech.ac.kr\\\uD3EC\uC2A4\uD14D\\\uD3EC\
    \uC2A4\uD14D\\3\uD559\uB144 2\uD559\uAE30\\\uC778\uACF5\uC9C0\uB2A5\\\uACFC\uC81C\
    \\2\\release\\submission.py\", line 212, in incorporateFeedback\n    raise NotImplementedError\
    \  # remove this line before writing code\n"
  name: 2b-2-hidden
  points: 0
  seconds: 0
- description: Basic test for blackjackFeatureExtractor.  Runs Qlearning using blackjackFeatureExtractor,
    then checks to see that Q-values are correct.
  extraCredit: false
  maxPoints: 3
  maxSeconds: 3
  messages:
  - 'Exception thrown: <class ''NotImplementedError''> -- '
  - "  File \"grader.py\", line 238, in test_2c_1\n    rl.incorporateFeedback([(7,\
    \ None, (0, 1)), 'Quit', 7, (7, None, None)], mdp.isEnd)\n"
  - "  File \"C:\\Users\\gkwogus\\OneDrive - postech.ac.kr\\\uD3EC\uC2A4\uD14D\\\uD3EC\
    \uC2A4\uD14D\\3\uD559\uB144 2\uD559\uAE30\\\uC778\uACF5\uC9C0\uB2A5\\\uACFC\uC81C\
    \\2\\release\\submission.py\", line 189, in incorporateFeedback\n    raise NotImplementedError\
    \  # remove this line before writing code\n"
  name: 2c-1-basic
  points: 0
  seconds: 0
- description: Hidden test for incorporateFeedback(). Run Qlearning on a large MDP,
    then ensure that getQ returns reasonable policy.
  extraCredit: false
  maxPoints: 2
  maxSeconds: 20
  messages:
  - 'Exception thrown: <class ''NotImplementedError''> -- '
  - "  File \"grader.py\", line 259, in test_2c_2\n    util.simulate(mdp, rl, numTrials=30000)\n"
  - "  File \"C:\\Users\\gkwogus\\OneDrive - postech.ac.kr\\\uD3EC\uC2A4\uD14D\\\uD3EC\
    \uC2A4\uD14D\\3\uD559\uB144 2\uD559\uAE30\\\uC778\uACF5\uC9C0\uB2A5\\\uACFC\uC81C\
    \\2\\release\\util.py\", line 174, in simulate\n    action = rl.getAction(state)\n"
  - "  File \"C:\\Users\\gkwogus\\OneDrive - postech.ac.kr\\\uD3EC\uC2A4\uD14D\\\uD3EC\
    \uC2A4\uD14D\\3\uD559\uB144 2\uD559\uAE30\\\uC778\uACF5\uC9C0\uB2A5\\\uACFC\uC81C\
    \\2\\release\\submission.py\", line 170, in getAction\n    return max((self.getQ(state,\
    \ action), action) for action in self.actions(state))[1]\n"
  - "  File \"C:\\Users\\gkwogus\\OneDrive - postech.ac.kr\\\uD3EC\uC2A4\uD14D\\\uD3EC\
    \uC2A4\uD14D\\3\uD559\uB144 2\uD559\uAE30\\\uC778\uACF5\uC9C0\uB2A5\\\uACFC\uC81C\
    \\2\\release\\submission.py\", line 170, in <genexpr>\n    return max((self.getQ(state,\
    \ action), action) for action in self.actions(state))[1]\n"
  - "  File \"C:\\Users\\gkwogus\\OneDrive - postech.ac.kr\\\uD3EC\uC2A4\uD14D\\\uD3EC\
    \uC2A4\uD14D\\3\uD559\uB144 2\uD559\uAE30\\\uC778\uACF5\uC9C0\uB2A5\\\uACFC\uC81C\
    \\2\\release\\submission.py\", line 158, in getQ\n    for f, v in self.featureExtractor(state,\
    \ action):\n"
  - "  File \"C:\\Users\\gkwogus\\OneDrive - postech.ac.kr\\\uD3EC\uC2A4\uD14D\\\uD3EC\
    \uC2A4\uD14D\\3\uD559\uB144 2\uD559\uAE30\\\uC778\uACF5\uC9C0\uB2A5\\\uACFC\uC81C\
    \\2\\release\\submission.py\", line 236, in blackjackFeatureExtractor\n    raise\
    \ NotImplementedError  # remove this line before writing code\n"
  name: 2c-2-hidden
  points: 0
  seconds: 0
totalPoints: 3
